beeep
beeep
beep
beep
beep
beep
beep
beep 
beep 
beep 
beep 
beep 
beep  444
beep  100 5
beep  100 5
beep  100 5
beep  100 1
beep  100 3
beep  100 2
beep  100 2
beep  100 2
beep  100 2
beep  100 2
beep  100 2
beep  100 2
beep  1000 2
beep  1000 2
beep  1000 2
beep  10 2
beep  50 2
beep  50 2
beep  50 2
beep  50 2
beep  50 2
beep  50 2
beep  50 2
13213123131231
13213123131231
13213123131231
13213123131231
13213123131231
cls
cd d:\games\
dir
cd ren E~1.zip ET.ZIP
ren E~1.zip ET.ZIP
dir
cd cd smb
reboot
cd d:\games\smb
dir
start
start
start
start
soundblast
beep
beep
beep
beep
beep
cd d:\games\smb
start
beep
beep
beep
beep
beep
ssfr
ssfr
cd d:\games\sdb
cd d:\games\smd
cd d:\games\smb
start
cd system\treiber
dir
cd cdromdrv
dir
cdplayer
mscdex
cdplayer
cdplayer
cdplayer
cdplayer
cdplayer
cdplayer
cdplayer
cdplayer
cdplayer
mscdex
cdrom
cd system\treiber\cdrom
cd system\treiber\
dir
cd cdromdrv
dir
cdplayer
cdrom
dir
cdplayer
cdplayer
dir
e:
s:
dir
ir
mscdex
G
G:
dir
G:_
G
G:
dir
setup
G:
dir
cd win95
dir
imgmount a: c:\w95.com
imgmount a: c:\w95.com
imgmount a: c:\w95.com
as imgmount
dasd
as imgmount
imgmount a: c:\w95.com
imgmount a: c:\w95.com
imgmount a: c:\w95.com
imgmount a: c:\w95.com
imgmount a: c:\w95.com
imgmount a: c:\w95.com
mount
z:
mount
imgmount a: c:\w95.com
imgmount a: c:\w95.img
boot c:\w95.img
ssfr
ssfr
ssfr
vrfghjjkuuzhzrs
ssfr
ssfr
ssfr
ssfr
d:
cd projects
cd w95
dir
cd W95
mount
z:
imgmount p: d:\projects\w95\w95.img
dir
c:
cls
P:
dir
cd progra~1
dir
cd intern~2
dir
cd pscrazy
cd pspcrazy
dir
cd..
cd..
dir
z:
imgmount a: d:\projects\w95\w95.img
a:
dir
c:
dir
d:
cd programs
omgs
fs
f
sfd
f
s
f
d
desk
mount
imgmount
z:
imgmount
d:
cd projects\w95
dir
a:
dir
d:
dir
cd w95.img
imgmount
z:
imgmount a: d:\projects\w95\w95.img
unmount
reboot
d:
z:
imgmount p: d:\projects\w95\w95.img
p:
dir
copy d:\projects\w95\mhj
dir
dir
dir
copy d:\projects\w95\mhj
dir
imgmount p: d:\projects\w95\w95.img
copy d:\projects\w95\mhj p:
del opralol.exe
xcopy
copy
xcopy
xcopy
norton
z:
imgmount a: d:\projects\w95\w95.img
a:
nortaten
norten
nort
as n
as norton
norten
norton
imgmount p d:\projects\w95\w95.img
p:
norton
cd d:\games
cd doom95
autorun
dir
doom95
cd..
cd doom95
del *.*
dir
cd directx
dir
del *.*
rd Drivers
cd Drivers
dir
cd audio
dir
del *.*
cd bin
dir
del *.*
dir
cd..
dir
rd bin
cd msdossound
cd msdsound
dir
del *.*
cd..
del *.*
dir
rd msdsound
cd..
dir
rd audio
cd display
dir
norton
games
games
games
games
games
games
games
games
smb
g
games
as g games
g
sysedit
SAG ICH ZU MIR SELBST DU OPER KOMM MAL KLAR DAS IST VERSCHWENDETETE HZEEEEIIIIITT
+á'~
+á'~
cls
reboot
games
games
games
games
help
dir
sys01 1
edit games.bar
edit games.bat
cd xconfig
xconfig
config
system
user
set user

option
c:
dir
cd system
dir
cd 4dos
option
beep 120
beep 1200
beep 1200 2
beep 1200 5
beep 1200 4
beep 1200 3
beep 900
beep 900 2
beep 900 5
beep 800 5
beep 800 5
beep 800 5
beep 800 5
beep 800 5
beep 850 5
beep 860 5
beep 860 5
beep 860 5
beep 860 10
beep 860 7
beep 860 8
beep 860 8
timeout
wait
wait 20
wa0t
wait 04
dir /s mouse.exe
as dir
us dir
dir /s mouse
as dir maxdir
dir
cd system\treiber\
dir
mouse
cd mouse
mouse
mouse.exe
dir
mouse
desk
desk
dasdsaasdsadsdasda
dir
dir
dir
dir
dir
norton
#
„'-+#-#+„-
##-
#-
-„
-
„-###########################################
++++++++++++++++++++++++++++++++++++++++++++++++++++++++++++++++++++++++++++++++++++++++++++++++++++++++++++++++++++++++++++++++++++++++++++++++
ssfr
desk
f
sv
s
vv
d
v
ad
d
d
d
d
d
desk
XDDDD
xd
xD
alias echo lol xd
xd
echo lol
echo
echo
fack
us echo
as xd echo lul
xd
xd
xd
xd
x
mouse
speedcommander
sc
nortoncommander
nc
dlcáopdclaoá
exit
desk
desk
desk
desk
GEIL
shutdown
desk
